  [1m[36m (3.5ms)[0m  [1mCREATE TABLE "schema_migrations" ("version" varchar(255) NOT NULL) [0m
  [1m[35m (2.2ms)[0m  CREATE UNIQUE INDEX "unique_schema_migrations" ON "schema_migrations" ("version")
  [1m[36mActiveRecord::SchemaMigration Load (0.1ms)[0m  [1mSELECT "schema_migrations".* FROM "schema_migrations"[0m
Migrating to CreateUsers (20130907032145)
  [1m[35m (0.1ms)[0m  begin transaction
  [1m[36m (0.7ms)[0m  [1mCREATE TABLE "users" ("id" INTEGER PRIMARY KEY AUTOINCREMENT NOT NULL, "name" varchar(255), "email" varchar(255), "created_at" datetime, "updated_at" datetime) [0m
  [1m[35mSQL (0.4ms)[0m  INSERT INTO "schema_migrations" ("version") VALUES (?)  [["version", "20130907032145"]]
  [1m[36m (7.0ms)[0m  [1mcommit transaction[0m
  [1m[35mActiveRecord::SchemaMigration Load (0.2ms)[0m  SELECT "schema_migrations".* FROM "schema_migrations"


Started GET "/" for 127.0.0.1 at 2013-09-07 00:59:36 -0230
  [1m[36mActiveRecord::SchemaMigration Load (0.2ms)[0m  [1mSELECT "schema_migrations".* FROM "schema_migrations"[0m
Processing by Rails::WelcomeController#index as HTML
  Rendered /Users/Jon/.rbenv/versions/2.0.0-rc2/lib/ruby/gems/2.0.0/gems/railties-4.0.0/lib/rails/templates/rails/welcome/index.html.erb (4.1ms)
Completed 200 OK in 47ms (Views: 46.0ms | ActiveRecord: 0.0ms)


Started GET "/users" for 127.0.0.1 at 2013-09-07 01:06:57 -0230
  [1m[36mActiveRecord::SchemaMigration Load (0.1ms)[0m  [1mSELECT "schema_migrations".* FROM "schema_migrations"[0m
Processing by UsersController#index as HTML
  [1m[35mUser Load (0.2ms)[0m  SELECT "users".* FROM "users"
  Rendered users/index.html.erb within layouts/application (4.1ms)
Completed 200 OK in 1802ms (Views: 1798.2ms | ActiveRecord: 0.5ms)


Started GET "/assets/application.css?body=1" for 127.0.0.1 at 2013-09-07 01:06:59 -0230


Started GET "/assets/users.css?body=1" for 127.0.0.1 at 2013-09-07 01:06:59 -0230


Started GET "/assets/jquery.js?body=1" for 127.0.0.1 at 2013-09-07 01:06:59 -0230


Started GET "/assets/users.js?body=1" for 127.0.0.1 at 2013-09-07 01:06:59 -0230


Started GET "/assets/scaffolds.css?body=1" for 127.0.0.1 at 2013-09-07 01:06:59 -0230


Started GET "/assets/turbolinks.js?body=1" for 127.0.0.1 at 2013-09-07 01:06:59 -0230


Started GET "/assets/jquery_ujs.js?body=1" for 127.0.0.1 at 2013-09-07 01:06:59 -0230


Started GET "/assets/application.js?body=1" for 127.0.0.1 at 2013-09-07 01:06:59 -0230


Started GET "/users/new" for 127.0.0.1 at 2013-09-07 01:07:03 -0230
Processing by UsersController#new as HTML
  Rendered users/_form.html.erb (347.0ms)
  Rendered users/new.html.erb within layouts/application (463.3ms)
Completed 200 OK in 474ms (Views: 472.3ms | ActiveRecord: 0.2ms)


Started POST "/users" for 127.0.0.1 at 2013-09-07 01:07:14 -0230
Processing by UsersController#create as HTML
  Parameters: {"utf8"=>"✓", "authenticity_token"=>"iIukD1ADwgr6p77GBO4A8mmsRV+eXXpJcfy+jdMSAIA=", "user"=>{"name"=>"Jon", "email"=>"jtg733@mun.ca"}, "commit"=>"Create User"}
  [1m[36m (0.1ms)[0m  [1mbegin transaction[0m
  [1m[35mSQL (56.5ms)[0m  INSERT INTO "users" ("created_at", "email", "name", "updated_at") VALUES (?, ?, ?, ?)  [["created_at", Sat, 07 Sep 2013 03:37:14 UTC +00:00], ["email", "jtg733@mun.ca"], ["name", "Jon"], ["updated_at", Sat, 07 Sep 2013 03:37:14 UTC +00:00]]
  [1m[36m (3.6ms)[0m  [1mcommit transaction[0m
Redirected to http://localhost:3000/users/1
Completed 302 Found in 68ms (ActiveRecord: 60.3ms)


Started GET "/users/1" for 127.0.0.1 at 2013-09-07 01:07:14 -0230
Processing by UsersController#show as HTML
  Parameters: {"id"=>"1"}
  [1m[35mUser Load (9.4ms)[0m  SELECT "users".* FROM "users" WHERE "users"."id" = ? LIMIT 1  [["id", "1"]]
  Rendered users/show.html.erb within layouts/application (1.8ms)
Completed 200 OK in 39ms (Views: 20.9ms | ActiveRecord: 9.4ms)


Started GET "/users/1/edit" for 127.0.0.1 at 2013-09-07 01:07:16 -0230
Processing by UsersController#edit as HTML
  Parameters: {"id"=>"1"}
  [1m[36mUser Load (113.6ms)[0m  [1mSELECT "users".* FROM "users" WHERE "users"."id" = ? LIMIT 1[0m  [["id", "1"]]
  Rendered users/_form.html.erb (5.0ms)
  Rendered users/edit.html.erb within layouts/application (13.4ms)
Completed 200 OK in 137ms (Views: 21.4ms | ActiveRecord: 113.6ms)


Started GET "/users/1" for 127.0.0.1 at 2013-09-07 01:07:19 -0230
Processing by UsersController#show as HTML
  Parameters: {"id"=>"1"}
  [1m[35mUser Load (0.2ms)[0m  SELECT "users".* FROM "users" WHERE "users"."id" = ? LIMIT 1  [["id", "1"]]
  Rendered users/show.html.erb within layouts/application (1.5ms)
Completed 200 OK in 10ms (Views: 7.9ms | ActiveRecord: 0.2ms)


Started GET "/users" for 127.0.0.1 at 2013-09-07 01:07:20 -0230
Processing by UsersController#index as HTML
  [1m[36mUser Load (0.2ms)[0m  [1mSELECT "users".* FROM "users"[0m
  Rendered users/index.html.erb within layouts/application (4.1ms)
Completed 200 OK in 12ms (Views: 10.6ms | ActiveRecord: 0.2ms)


Started GET "/users/1" for 127.0.0.1 at 2013-09-07 01:07:40 -0230
Processing by UsersController#show as HTML
  Parameters: {"id"=>"1"}
  [1m[35mUser Load (0.3ms)[0m  SELECT "users".* FROM "users" WHERE "users"."id" = ? LIMIT 1  [["id", "1"]]
  Rendered users/show.html.erb within layouts/application (1.2ms)
Completed 200 OK in 37ms (Views: 19.0ms | ActiveRecord: 0.3ms)


Started GET "/users" for 127.0.0.1 at 2013-09-07 01:22:33 -0230
Processing by UsersController#index as HTML
  [1m[36mUser Load (0.2ms)[0m  [1mSELECT "users".* FROM "users"[0m
  Rendered users/index.html.erb within layouts/application (1.9ms)
Completed 200 OK in 9ms (Views: 8.2ms | ActiveRecord: 0.2ms)


Started GET "/users/new" for 127.0.0.1 at 2013-09-07 01:22:34 -0230
Processing by UsersController#new as HTML
  Rendered users/_form.html.erb (4.9ms)
  Rendered users/new.html.erb within layouts/application (6.2ms)
Completed 200 OK in 13ms (Views: 12.1ms | ActiveRecord: 0.0ms)


Started POST "/users" for 127.0.0.1 at 2013-09-07 01:22:50 -0230
Processing by UsersController#create as HTML
  Parameters: {"utf8"=>"✓", "authenticity_token"=>"iIukD1ADwgr6p77GBO4A8mmsRV+eXXpJcfy+jdMSAIA=", "user"=>{"name"=>"kyle", "email"=>"kyle@hotmess.com"}, "commit"=>"Create User"}
  [1m[35m (0.1ms)[0m  begin transaction
  [1m[36mSQL (1.2ms)[0m  [1mINSERT INTO "users" ("created_at", "email", "name", "updated_at") VALUES (?, ?, ?, ?)[0m  [["created_at", Sat, 07 Sep 2013 03:52:50 UTC +00:00], ["email", "kyle@hotmess.com"], ["name", "kyle"], ["updated_at", Sat, 07 Sep 2013 03:52:50 UTC +00:00]]
  [1m[35m (5.3ms)[0m  commit transaction
Redirected to http://localhost:3000/users/2
Completed 302 Found in 12ms (ActiveRecord: 6.6ms)


Started GET "/users/2" for 127.0.0.1 at 2013-09-07 01:22:50 -0230
Processing by UsersController#show as HTML
  Parameters: {"id"=>"2"}
  [1m[36mUser Load (0.2ms)[0m  [1mSELECT "users".* FROM "users" WHERE "users"."id" = ? LIMIT 1[0m  [["id", "2"]]
  Rendered users/show.html.erb within layouts/application (1.7ms)
Completed 200 OK in 27ms (Views: 23.5ms | ActiveRecord: 0.2ms)


Started GET "/assets/application.css?body=1" for 127.0.0.1 at 2013-09-07 01:22:50 -0230


Started GET "/assets/scaffolds.css?body=1" for 127.0.0.1 at 2013-09-07 01:22:50 -0230


Started GET "/assets/users.css?body=1" for 127.0.0.1 at 2013-09-07 01:22:50 -0230


Started GET "/assets/application.js?body=1" for 127.0.0.1 at 2013-09-07 01:22:50 -0230


Started GET "/assets/users.js?body=1" for 127.0.0.1 at 2013-09-07 01:22:50 -0230


Started GET "/users" for 127.0.0.1 at 2013-09-07 01:22:56 -0230
Processing by UsersController#index as HTML
  [1m[35mUser Load (0.2ms)[0m  SELECT "users".* FROM "users"
  Rendered users/index.html.erb within layouts/application (2.2ms)
Completed 200 OK in 9ms (Views: 7.7ms | ActiveRecord: 0.2ms)


Started GET "/users/new" for 127.0.0.1 at 2013-09-07 01:26:06 -0230
Processing by UsersController#new as HTML
  Rendered users/_form.html.erb (3.5ms)
  Rendered users/new.html.erb within layouts/application (5.7ms)
Completed 200 OK in 16ms (Views: 11.8ms | ActiveRecord: 0.0ms)


Started POST "/users" for 127.0.0.1 at 2013-09-07 01:26:11 -0230
Processing by UsersController#create as HTML
  Parameters: {"utf8"=>"✓", "authenticity_token"=>"iIukD1ADwgr6p77GBO4A8mmsRV+eXXpJcfy+jdMSAIA=", "user"=>{"name"=>"ghj", "email"=>"ghj"}, "commit"=>"Create User"}
  [1m[36m (0.1ms)[0m  [1mbegin transaction[0m
  [1m[35mSQL (0.5ms)[0m  INSERT INTO "users" ("created_at", "email", "name", "updated_at") VALUES (?, ?, ?, ?)  [["created_at", Sat, 07 Sep 2013 03:56:11 UTC +00:00], ["email", "ghj"], ["name", "ghj"], ["updated_at", Sat, 07 Sep 2013 03:56:11 UTC +00:00]]
  [1m[36m (3.8ms)[0m  [1mcommit transaction[0m
Redirected to http://localhost:3000/users/3
Completed 302 Found in 13ms (ActiveRecord: 4.4ms)


Started GET "/users/3" for 127.0.0.1 at 2013-09-07 01:26:11 -0230
Processing by UsersController#show as HTML
  Parameters: {"id"=>"3"}
  [1m[35mUser Load (0.2ms)[0m  SELECT "users".* FROM "users" WHERE "users"."id" = ? LIMIT 1  [["id", "3"]]
  Rendered users/show.html.erb within layouts/application (0.8ms)
Completed 200 OK in 8ms (Views: 6.5ms | ActiveRecord: 0.2ms)


Started GET "/assets/application.css?body=1" for 127.0.0.1 at 2013-09-07 01:26:11 -0230


Started GET "/assets/scaffolds.css?body=1" for 127.0.0.1 at 2013-09-07 01:26:11 -0230


Started GET "/assets/users.css?body=1" for 127.0.0.1 at 2013-09-07 01:26:11 -0230


Started GET "/assets/application.js?body=1" for 127.0.0.1 at 2013-09-07 01:26:11 -0230


Started GET "/assets/users.js?body=1" for 127.0.0.1 at 2013-09-07 01:26:11 -0230


Started GET "/users" for 127.0.0.1 at 2013-09-07 01:26:13 -0230
Processing by UsersController#index as HTML
  [1m[36mUser Load (0.2ms)[0m  [1mSELECT "users".* FROM "users"[0m
  Rendered users/index.html.erb within layouts/application (3.0ms)
Completed 200 OK in 35ms (Views: 33.8ms | ActiveRecord: 0.2ms)


Started DELETE "/users/3" for 127.0.0.1 at 2013-09-07 01:26:16 -0230
Processing by UsersController#destroy as HTML
  Parameters: {"authenticity_token"=>"iIukD1ADwgr6p77GBO4A8mmsRV+eXXpJcfy+jdMSAIA=", "id"=>"3"}
  [1m[35mUser Load (0.3ms)[0m  SELECT "users".* FROM "users" WHERE "users"."id" = ? LIMIT 1  [["id", "3"]]
  [1m[36m (0.1ms)[0m  [1mbegin transaction[0m
  [1m[35mSQL (0.6ms)[0m  DELETE FROM "users" WHERE "users"."id" = ?  [["id", 3]]
  [1m[36m (2.6ms)[0m  [1mcommit transaction[0m
Redirected to http://localhost:3000/users
Completed 302 Found in 12ms (ActiveRecord: 3.6ms)


Started GET "/users" for 127.0.0.1 at 2013-09-07 01:26:16 -0230
Processing by UsersController#index as HTML
  [1m[35mUser Load (0.3ms)[0m  SELECT "users".* FROM "users"
  Rendered users/index.html.erb within layouts/application (197.8ms)
Completed 200 OK in 215ms (Views: 214.0ms | ActiveRecord: 0.3ms)


Started GET "/assets/scaffolds.css?body=1" for 127.0.0.1 at 2013-09-07 01:26:16 -0230


Started GET "/assets/application.js?body=1" for 127.0.0.1 at 2013-09-07 01:26:16 -0230


Started GET "/assets/users.css?body=1" for 127.0.0.1 at 2013-09-07 01:26:16 -0230


Started GET "/assets/users.js?body=1" for 127.0.0.1 at 2013-09-07 01:26:16 -0230


Started GET "/assets/application.css?body=1" for 127.0.0.1 at 2013-09-07 01:26:16 -0230
  [1m[36mActiveRecord::SchemaMigration Load (0.1ms)[0m  [1mSELECT "schema_migrations".* FROM "schema_migrations"[0m
Migrating to CreateMicroposts (20130907153922)
  [1m[35m (0.1ms)[0m  begin transaction
  [1m[36m (0.6ms)[0m  [1mCREATE TABLE "microposts" ("id" INTEGER PRIMARY KEY AUTOINCREMENT NOT NULL, "content" varchar(255), "user_id" integer, "created_at" datetime, "updated_at" datetime) [0m
  [1m[35mSQL (0.4ms)[0m  INSERT INTO "schema_migrations" ("version") VALUES (?)  [["version", "20130907153922"]]
  [1m[36m (38.6ms)[0m  [1mcommit transaction[0m
  [1m[35mActiveRecord::SchemaMigration Load (0.2ms)[0m  SELECT "schema_migrations".* FROM "schema_migrations"


Started GET "/users" for 127.0.0.1 at 2013-09-07 13:11:53 -0230
  [1m[36mActiveRecord::SchemaMigration Load (0.4ms)[0m  [1mSELECT "schema_migrations".* FROM "schema_migrations"[0m
Processing by UsersController#index as HTML
  [1m[35mUser Load (0.3ms)[0m  SELECT "users".* FROM "users"
  Rendered users/index.html.erb within layouts/application (25.3ms)
Completed 200 OK in 566ms (Views: 561.5ms | ActiveRecord: 0.8ms)


Started GET "/assets/application.css?body=1" for 127.0.0.1 at 2013-09-07 13:11:54 -0230


Started GET "/assets/users.css?body=1" for 127.0.0.1 at 2013-09-07 13:11:54 -0230


Started GET "/assets/microposts.css?body=1" for 127.0.0.1 at 2013-09-07 13:11:54 -0230


Started GET "/assets/turbolinks.js?body=1" for 127.0.0.1 at 2013-09-07 13:11:54 -0230


Started GET "/assets/users.js?body=1" for 127.0.0.1 at 2013-09-07 13:11:54 -0230


Started GET "/assets/scaffolds.css?body=1" for 127.0.0.1 at 2013-09-07 13:11:54 -0230


Started GET "/assets/application.js?body=1" for 127.0.0.1 at 2013-09-07 13:11:54 -0230


Started GET "/assets/microposts.js?body=1" for 127.0.0.1 at 2013-09-07 13:11:54 -0230


Started GET "/assets/jquery.js?body=1" for 127.0.0.1 at 2013-09-07 13:11:54 -0230


Started GET "/assets/jquery_ujs.js?body=1" for 127.0.0.1 at 2013-09-07 13:11:54 -0230


Started GET "/Micropost" for 127.0.0.1 at 2013-09-07 13:11:59 -0230

ActionController::RoutingError (No route matches [GET] "/Micropost"):
  actionpack (4.0.0) lib/action_dispatch/middleware/debug_exceptions.rb:21:in `call'
  actionpack (4.0.0) lib/action_dispatch/middleware/show_exceptions.rb:30:in `call'
  railties (4.0.0) lib/rails/rack/logger.rb:38:in `call_app'
  railties (4.0.0) lib/rails/rack/logger.rb:21:in `block in call'
  activesupport (4.0.0) lib/active_support/tagged_logging.rb:67:in `block in tagged'
  activesupport (4.0.0) lib/active_support/tagged_logging.rb:25:in `tagged'
  activesupport (4.0.0) lib/active_support/tagged_logging.rb:67:in `tagged'
  railties (4.0.0) lib/rails/rack/logger.rb:21:in `call'
  actionpack (4.0.0) lib/action_dispatch/middleware/request_id.rb:21:in `call'
  rack (1.5.2) lib/rack/methodoverride.rb:21:in `call'
  rack (1.5.2) lib/rack/runtime.rb:17:in `call'
  activesupport (4.0.0) lib/active_support/cache/strategy/local_cache.rb:83:in `call'
  rack (1.5.2) lib/rack/lock.rb:17:in `call'
  actionpack (4.0.0) lib/action_dispatch/middleware/static.rb:64:in `call'
  railties (4.0.0) lib/rails/engine.rb:511:in `call'
  railties (4.0.0) lib/rails/application.rb:97:in `call'
  rack (1.5.2) lib/rack/lock.rb:17:in `call'
  rack (1.5.2) lib/rack/content_length.rb:14:in `call'
  rack (1.5.2) lib/rack/handler/webrick.rb:60:in `service'
  /Users/Jon/.rbenv/versions/2.0.0-rc2/lib/ruby/2.0.0/webrick/httpserver.rb:138:in `service'
  /Users/Jon/.rbenv/versions/2.0.0-rc2/lib/ruby/2.0.0/webrick/httpserver.rb:94:in `run'
  /Users/Jon/.rbenv/versions/2.0.0-rc2/lib/ruby/2.0.0/webrick/server.rb:295:in `block in start_thread'


  Rendered /Users/Jon/.rbenv/versions/2.0.0-rc2/lib/ruby/gems/2.0.0/gems/actionpack-4.0.0/lib/action_dispatch/middleware/templates/rescues/_trace.erb (1.5ms)
  Rendered /Users/Jon/.rbenv/versions/2.0.0-rc2/lib/ruby/gems/2.0.0/gems/actionpack-4.0.0/lib/action_dispatch/middleware/templates/routes/_route.html.erb (2.9ms)
  Rendered /Users/Jon/.rbenv/versions/2.0.0-rc2/lib/ruby/gems/2.0.0/gems/actionpack-4.0.0/lib/action_dispatch/middleware/templates/routes/_table.html.erb (17.9ms)
  Rendered /Users/Jon/.rbenv/versions/2.0.0-rc2/lib/ruby/gems/2.0.0/gems/actionpack-4.0.0/lib/action_dispatch/middleware/templates/rescues/routing_error.erb within rescues/layout (70.2ms)


Started GET "/Microposts" for 127.0.0.1 at 2013-09-07 13:12:02 -0230

ActionController::RoutingError (No route matches [GET] "/Microposts"):
  actionpack (4.0.0) lib/action_dispatch/middleware/debug_exceptions.rb:21:in `call'
  actionpack (4.0.0) lib/action_dispatch/middleware/show_exceptions.rb:30:in `call'
  railties (4.0.0) lib/rails/rack/logger.rb:38:in `call_app'
  railties (4.0.0) lib/rails/rack/logger.rb:21:in `block in call'
  activesupport (4.0.0) lib/active_support/tagged_logging.rb:67:in `block in tagged'
  activesupport (4.0.0) lib/active_support/tagged_logging.rb:25:in `tagged'
  activesupport (4.0.0) lib/active_support/tagged_logging.rb:67:in `tagged'
  railties (4.0.0) lib/rails/rack/logger.rb:21:in `call'
  actionpack (4.0.0) lib/action_dispatch/middleware/request_id.rb:21:in `call'
  rack (1.5.2) lib/rack/methodoverride.rb:21:in `call'
  rack (1.5.2) lib/rack/runtime.rb:17:in `call'
  activesupport (4.0.0) lib/active_support/cache/strategy/local_cache.rb:83:in `call'
  rack (1.5.2) lib/rack/lock.rb:17:in `call'
  actionpack (4.0.0) lib/action_dispatch/middleware/static.rb:64:in `call'
  railties (4.0.0) lib/rails/engine.rb:511:in `call'
  railties (4.0.0) lib/rails/application.rb:97:in `call'
  rack (1.5.2) lib/rack/lock.rb:17:in `call'
  rack (1.5.2) lib/rack/content_length.rb:14:in `call'
  rack (1.5.2) lib/rack/handler/webrick.rb:60:in `service'
  /Users/Jon/.rbenv/versions/2.0.0-rc2/lib/ruby/2.0.0/webrick/httpserver.rb:138:in `service'
  /Users/Jon/.rbenv/versions/2.0.0-rc2/lib/ruby/2.0.0/webrick/httpserver.rb:94:in `run'
  /Users/Jon/.rbenv/versions/2.0.0-rc2/lib/ruby/2.0.0/webrick/server.rb:295:in `block in start_thread'


  Rendered /Users/Jon/.rbenv/versions/2.0.0-rc2/lib/ruby/gems/2.0.0/gems/actionpack-4.0.0/lib/action_dispatch/middleware/templates/rescues/_trace.erb (1.8ms)
  Rendered /Users/Jon/.rbenv/versions/2.0.0-rc2/lib/ruby/gems/2.0.0/gems/actionpack-4.0.0/lib/action_dispatch/middleware/templates/routes/_route.html.erb (5.5ms)
  Rendered /Users/Jon/.rbenv/versions/2.0.0-rc2/lib/ruby/gems/2.0.0/gems/actionpack-4.0.0/lib/action_dispatch/middleware/templates/routes/_table.html.erb (1.8ms)
  Rendered /Users/Jon/.rbenv/versions/2.0.0-rc2/lib/ruby/gems/2.0.0/gems/actionpack-4.0.0/lib/action_dispatch/middleware/templates/rescues/routing_error.erb within rescues/layout (63.7ms)


Started GET "/sicroposts" for 127.0.0.1 at 2013-09-07 13:12:05 -0230

ActionController::RoutingError (No route matches [GET] "/sicroposts"):
  actionpack (4.0.0) lib/action_dispatch/middleware/debug_exceptions.rb:21:in `call'
  actionpack (4.0.0) lib/action_dispatch/middleware/show_exceptions.rb:30:in `call'
  railties (4.0.0) lib/rails/rack/logger.rb:38:in `call_app'
  railties (4.0.0) lib/rails/rack/logger.rb:21:in `block in call'
  activesupport (4.0.0) lib/active_support/tagged_logging.rb:67:in `block in tagged'
  activesupport (4.0.0) lib/active_support/tagged_logging.rb:25:in `tagged'
  activesupport (4.0.0) lib/active_support/tagged_logging.rb:67:in `tagged'
  railties (4.0.0) lib/rails/rack/logger.rb:21:in `call'
  actionpack (4.0.0) lib/action_dispatch/middleware/request_id.rb:21:in `call'
  rack (1.5.2) lib/rack/methodoverride.rb:21:in `call'
  rack (1.5.2) lib/rack/runtime.rb:17:in `call'
  activesupport (4.0.0) lib/active_support/cache/strategy/local_cache.rb:83:in `call'
  rack (1.5.2) lib/rack/lock.rb:17:in `call'
  actionpack (4.0.0) lib/action_dispatch/middleware/static.rb:64:in `call'
  railties (4.0.0) lib/rails/engine.rb:511:in `call'
  railties (4.0.0) lib/rails/application.rb:97:in `call'
  rack (1.5.2) lib/rack/lock.rb:17:in `call'
  rack (1.5.2) lib/rack/content_length.rb:14:in `call'
  rack (1.5.2) lib/rack/handler/webrick.rb:60:in `service'
  /Users/Jon/.rbenv/versions/2.0.0-rc2/lib/ruby/2.0.0/webrick/httpserver.rb:138:in `service'
  /Users/Jon/.rbenv/versions/2.0.0-rc2/lib/ruby/2.0.0/webrick/httpserver.rb:94:in `run'
  /Users/Jon/.rbenv/versions/2.0.0-rc2/lib/ruby/2.0.0/webrick/server.rb:295:in `block in start_thread'


  Rendered /Users/Jon/.rbenv/versions/2.0.0-rc2/lib/ruby/gems/2.0.0/gems/actionpack-4.0.0/lib/action_dispatch/middleware/templates/rescues/_trace.erb (1.5ms)
  Rendered /Users/Jon/.rbenv/versions/2.0.0-rc2/lib/ruby/gems/2.0.0/gems/actionpack-4.0.0/lib/action_dispatch/middleware/templates/routes/_route.html.erb (6.6ms)
  Rendered /Users/Jon/.rbenv/versions/2.0.0-rc2/lib/ruby/gems/2.0.0/gems/actionpack-4.0.0/lib/action_dispatch/middleware/templates/routes/_table.html.erb (1.5ms)
  Rendered /Users/Jon/.rbenv/versions/2.0.0-rc2/lib/ruby/gems/2.0.0/gems/actionpack-4.0.0/lib/action_dispatch/middleware/templates/rescues/routing_error.erb within rescues/layout (63.1ms)


Started GET "/microposts" for 127.0.0.1 at 2013-09-07 13:12:10 -0230
Processing by MicropostsController#index as HTML
  [1m[36mMicropost Load (0.2ms)[0m  [1mSELECT "microposts".* FROM "microposts"[0m
  Rendered microposts/index.html.erb within layouts/application (3.1ms)
Completed 200 OK in 31ms (Views: 26.6ms | ActiveRecord: 0.5ms)


Started GET "/assets/microposts.css?body=1" for 127.0.0.1 at 2013-09-07 13:12:10 -0230


Started GET "/assets/scaffolds.css?body=1" for 127.0.0.1 at 2013-09-07 13:12:10 -0230


Started GET "/assets/jquery.js?body=1" for 127.0.0.1 at 2013-09-07 13:12:10 -0230


Started GET "/assets/users.css?body=1" for 127.0.0.1 at 2013-09-07 13:12:10 -0230


Started GET "/assets/users.js?body=1" for 127.0.0.1 at 2013-09-07 13:12:10 -0230


Started GET "/assets/microposts.js?body=1" for 127.0.0.1 at 2013-09-07 13:12:10 -0230


Started GET "/assets/application.css?body=1" for 127.0.0.1 at 2013-09-07 13:12:10 -0230


Started GET "/assets/turbolinks.js?body=1" for 127.0.0.1 at 2013-09-07 13:12:10 -0230


Started GET "/assets/application.js?body=1" for 127.0.0.1 at 2013-09-07 13:12:10 -0230


Started GET "/assets/jquery_ujs.js?body=1" for 127.0.0.1 at 2013-09-07 13:12:10 -0230


Started GET "/microposts/new" for 127.0.0.1 at 2013-09-07 13:12:12 -0230
Processing by MicropostsController#new as HTML
  Rendered microposts/_form.html.erb (234.5ms)
  Rendered microposts/new.html.erb within layouts/application (237.0ms)
Completed 200 OK in 246ms (Views: 244.9ms | ActiveRecord: 0.1ms)


Started POST "/microposts" for 127.0.0.1 at 2013-09-07 13:12:19 -0230
Processing by MicropostsController#create as HTML
  Parameters: {"utf8"=>"✓", "authenticity_token"=>"iIukD1ADwgr6p77GBO4A8mmsRV+eXXpJcfy+jdMSAIA=", "micropost"=>{"content"=>"dfdf", "user_id"=>"1"}, "commit"=>"Create Micropost"}
  [1m[35m (0.2ms)[0m  begin transaction
  [1m[36mSQL (21.4ms)[0m  [1mINSERT INTO "microposts" ("content", "created_at", "updated_at", "user_id") VALUES (?, ?, ?, ?)[0m  [["content", "dfdf"], ["created_at", Sat, 07 Sep 2013 15:42:19 UTC +00:00], ["updated_at", Sat, 07 Sep 2013 15:42:19 UTC +00:00], ["user_id", 1]]
  [1m[35m (2.1ms)[0m  commit transaction
Redirected to http://localhost:3000/microposts/1
Completed 302 Found in 32ms (ActiveRecord: 23.7ms)


Started GET "/microposts/1" for 127.0.0.1 at 2013-09-07 13:12:19 -0230
Processing by MicropostsController#show as HTML
  Parameters: {"id"=>"1"}
  [1m[36mMicropost Load (0.3ms)[0m  [1mSELECT "microposts".* FROM "microposts" WHERE "microposts"."id" = ? LIMIT 1[0m  [["id", "1"]]
  Rendered microposts/show.html.erb within layouts/application (63.4ms)
Completed 200 OK in 97ms (Views: 75.6ms | ActiveRecord: 0.3ms)


Started GET "/assets/application.css?body=1" for 127.0.0.1 at 2013-09-07 13:12:19 -0230


Started GET "/assets/microposts.css?body=1" for 127.0.0.1 at 2013-09-07 13:12:19 -0230


Started GET "/assets/scaffolds.css?body=1" for 127.0.0.1 at 2013-09-07 13:12:19 -0230


Started GET "/assets/users.css?body=1" for 127.0.0.1 at 2013-09-07 13:12:19 -0230


Started GET "/assets/jquery.js?body=1" for 127.0.0.1 at 2013-09-07 13:12:19 -0230


Started GET "/assets/jquery_ujs.js?body=1" for 127.0.0.1 at 2013-09-07 13:12:19 -0230


Started GET "/assets/turbolinks.js?body=1" for 127.0.0.1 at 2013-09-07 13:12:19 -0230


Started GET "/assets/users.js?body=1" for 127.0.0.1 at 2013-09-07 13:12:19 -0230


Started GET "/assets/microposts.js?body=1" for 127.0.0.1 at 2013-09-07 13:12:19 -0230


Started GET "/assets/application.js?body=1" for 127.0.0.1 at 2013-09-07 13:12:19 -0230


Started GET "/microposts" for 127.0.0.1 at 2013-09-07 13:12:23 -0230
Processing by MicropostsController#index as HTML
  [1m[35mMicropost Load (0.2ms)[0m  SELECT "microposts".* FROM "microposts"
  Rendered microposts/index.html.erb within layouts/application (3.2ms)
Completed 200 OK in 11ms (Views: 10.2ms | ActiveRecord: 0.2ms)


Started GET "/microposts/new" for 127.0.0.1 at 2013-09-07 13:12:24 -0230
Processing by MicropostsController#new as HTML
  Rendered microposts/_form.html.erb (3.4ms)
  Rendered microposts/new.html.erb within layouts/application (4.9ms)
Completed 200 OK in 12ms (Views: 11.5ms | ActiveRecord: 0.0ms)


Started POST "/microposts" for 127.0.0.1 at 2013-09-07 13:12:28 -0230
Processing by MicropostsController#create as HTML
  Parameters: {"utf8"=>"✓", "authenticity_token"=>"iIukD1ADwgr6p77GBO4A8mmsRV+eXXpJcfy+jdMSAIA=", "micropost"=>{"content"=>"ere", "user_id"=>"2"}, "commit"=>"Create Micropost"}
  [1m[36m (0.1ms)[0m  [1mbegin transaction[0m
  [1m[35mSQL (0.6ms)[0m  INSERT INTO "microposts" ("content", "created_at", "updated_at", "user_id") VALUES (?, ?, ?, ?)  [["content", "ere"], ["created_at", Sat, 07 Sep 2013 15:42:28 UTC +00:00], ["updated_at", Sat, 07 Sep 2013 15:42:28 UTC +00:00], ["user_id", 2]]
  [1m[36m (54.6ms)[0m  [1mcommit transaction[0m
Redirected to http://localhost:3000/microposts/2
Completed 302 Found in 69ms (ActiveRecord: 55.3ms)


Started GET "/microposts/2" for 127.0.0.1 at 2013-09-07 13:12:28 -0230
Processing by MicropostsController#show as HTML
  Parameters: {"id"=>"2"}
  [1m[35mMicropost Load (0.2ms)[0m  SELECT "microposts".* FROM "microposts" WHERE "microposts"."id" = ? LIMIT 1  [["id", "2"]]
  Rendered microposts/show.html.erb within layouts/application (0.9ms)
Completed 200 OK in 19ms (Views: 16.7ms | ActiveRecord: 0.2ms)


Started GET "/assets/microposts.css?body=1" for 127.0.0.1 at 2013-09-07 13:12:28 -0230


Started GET "/assets/users.css?body=1" for 127.0.0.1 at 2013-09-07 13:12:28 -0230


Started GET "/assets/jquery.js?body=1" for 127.0.0.1 at 2013-09-07 13:12:28 -0230


Started GET "/assets/scaffolds.css?body=1" for 127.0.0.1 at 2013-09-07 13:12:28 -0230


Started GET "/assets/jquery_ujs.js?body=1" for 127.0.0.1 at 2013-09-07 13:12:28 -0230


Started GET "/assets/turbolinks.js?body=1" for 127.0.0.1 at 2013-09-07 13:12:28 -0230


Started GET "/assets/microposts.js?body=1" for 127.0.0.1 at 2013-09-07 13:12:28 -0230


Started GET "/assets/users.js?body=1" for 127.0.0.1 at 2013-09-07 13:12:28 -0230


Started GET "/assets/application.js?body=1" for 127.0.0.1 at 2013-09-07 13:12:28 -0230


Started GET "/assets/application.css?body=1" for 127.0.0.1 at 2013-09-07 13:12:28 -0230


Started GET "/microposts" for 127.0.0.1 at 2013-09-07 13:12:29 -0230
Processing by MicropostsController#index as HTML
  [1m[36mMicropost Load (0.2ms)[0m  [1mSELECT "microposts".* FROM "microposts"[0m
  Rendered microposts/index.html.erb within layouts/application (2.6ms)
Completed 200 OK in 13ms (Views: 12.0ms | ActiveRecord: 0.2ms)


Started GET "/microposts/new" for 127.0.0.1 at 2013-09-07 13:12:30 -0230
Processing by MicropostsController#new as HTML
  Rendered microposts/_form.html.erb (45.2ms)
  Rendered microposts/new.html.erb within layouts/application (69.4ms)
Completed 200 OK in 78ms (Views: 77.3ms | ActiveRecord: 0.0ms)


Started POST "/microposts" for 127.0.0.1 at 2013-09-07 13:12:35 -0230
Processing by MicropostsController#create as HTML
  Parameters: {"utf8"=>"✓", "authenticity_token"=>"iIukD1ADwgr6p77GBO4A8mmsRV+eXXpJcfy+jdMSAIA=", "micropost"=>{"content"=>"deeded", "user_id"=>"-2"}, "commit"=>"Create Micropost"}
  [1m[35m (0.1ms)[0m  begin transaction
  [1m[36mSQL (0.5ms)[0m  [1mINSERT INTO "microposts" ("content", "created_at", "updated_at", "user_id") VALUES (?, ?, ?, ?)[0m  [["content", "deeded"], ["created_at", Sat, 07 Sep 2013 15:42:35 UTC +00:00], ["updated_at", Sat, 07 Sep 2013 15:42:35 UTC +00:00], ["user_id", -2]]
  [1m[35m (5.6ms)[0m  commit transaction
Redirected to http://localhost:3000/microposts/3
Completed 302 Found in 35ms (ActiveRecord: 6.2ms)


Started GET "/microposts/3" for 127.0.0.1 at 2013-09-07 13:12:35 -0230
Processing by MicropostsController#show as HTML
  Parameters: {"id"=>"3"}
  [1m[36mMicropost Load (0.2ms)[0m  [1mSELECT "microposts".* FROM "microposts" WHERE "microposts"."id" = ? LIMIT 1[0m  [["id", "3"]]
  Rendered microposts/show.html.erb within layouts/application (0.7ms)
Completed 200 OK in 11ms (Views: 9.2ms | ActiveRecord: 0.2ms)


Started GET "/assets/users.css?body=1" for 127.0.0.1 at 2013-09-07 13:12:35 -0230


Started GET "/assets/microposts.css?body=1" for 127.0.0.1 at 2013-09-07 13:12:35 -0230


Started GET "/assets/jquery_ujs.js?body=1" for 127.0.0.1 at 2013-09-07 13:12:35 -0230


Started GET "/assets/scaffolds.css?body=1" for 127.0.0.1 at 2013-09-07 13:12:35 -0230


Started GET "/assets/jquery.js?body=1" for 127.0.0.1 at 2013-09-07 13:12:35 -0230


Started GET "/assets/application.js?body=1" for 127.0.0.1 at 2013-09-07 13:12:35 -0230


Started GET "/assets/microposts.js?body=1" for 127.0.0.1 at 2013-09-07 13:12:35 -0230


Started GET "/assets/users.js?body=1" for 127.0.0.1 at 2013-09-07 13:12:35 -0230


Started GET "/assets/turbolinks.js?body=1" for 127.0.0.1 at 2013-09-07 13:12:35 -0230


Started GET "/assets/application.css?body=1" for 127.0.0.1 at 2013-09-07 13:12:35 -0230


Started GET "/microposts" for 127.0.0.1 at 2013-09-07 13:12:36 -0230
Processing by MicropostsController#index as HTML
  [1m[35mMicropost Load (0.2ms)[0m  SELECT "microposts".* FROM "microposts"
  Rendered microposts/index.html.erb within layouts/application (3.2ms)
Completed 200 OK in 10ms (Views: 9.7ms | ActiveRecord: 0.2ms)


Started GET "/microposts" for 127.0.0.1 at 2013-09-07 13:15:04 -0230
  [1m[36mActiveRecord::SchemaMigration Load (0.1ms)[0m  [1mSELECT "schema_migrations".* FROM "schema_migrations"[0m
Processing by MicropostsController#index as HTML
Completed 500 Internal Server Error in 2ms

SyntaxError (/Users/Jon/Dropbox/Development/RailsTutorial/demo_app/app/models/micropost.rb:2: syntax error, unexpected tSYMBEG, expecting keyword_do or '{' or '('
  validates :content, length: {maximum :140}
                                        ^):
  app/controllers/microposts_controller.rb:7:in `index'


  Rendered /Users/Jon/.rbenv/versions/2.0.0-rc2/lib/ruby/gems/2.0.0/gems/actionpack-4.0.0/lib/action_dispatch/middleware/templates/rescues/_source.erb (1.0ms)
  Rendered /Users/Jon/.rbenv/versions/2.0.0-rc2/lib/ruby/gems/2.0.0/gems/actionpack-4.0.0/lib/action_dispatch/middleware/templates/rescues/_trace.erb (1.9ms)
  Rendered /Users/Jon/.rbenv/versions/2.0.0-rc2/lib/ruby/gems/2.0.0/gems/actionpack-4.0.0/lib/action_dispatch/middleware/templates/rescues/_request_and_response.erb (26.0ms)
  Rendered /Users/Jon/.rbenv/versions/2.0.0-rc2/lib/ruby/gems/2.0.0/gems/actionpack-4.0.0/lib/action_dispatch/middleware/templates/rescues/diagnostics.erb within rescues/layout (52.5ms)


Started GET "/microposts" for 127.0.0.1 at 2013-09-07 13:15:24 -0230
Processing by MicropostsController#index as HTML
Completed 500 Internal Server Error in 2ms

SyntaxError (/Users/Jon/Dropbox/Development/RailsTutorial/demo_app/app/models/micropost.rb:2: syntax error, unexpected tSYMBEG, expecting keyword_do or '{' or '('
  validates :content, length: {maximum :140}
                                        ^):
  app/controllers/microposts_controller.rb:7:in `index'


  Rendered /Users/Jon/.rbenv/versions/2.0.0-rc2/lib/ruby/gems/2.0.0/gems/actionpack-4.0.0/lib/action_dispatch/middleware/templates/rescues/_source.erb (1.0ms)
  Rendered /Users/Jon/.rbenv/versions/2.0.0-rc2/lib/ruby/gems/2.0.0/gems/actionpack-4.0.0/lib/action_dispatch/middleware/templates/rescues/_trace.erb (1.8ms)
  Rendered /Users/Jon/.rbenv/versions/2.0.0-rc2/lib/ruby/gems/2.0.0/gems/actionpack-4.0.0/lib/action_dispatch/middleware/templates/rescues/_request_and_response.erb (1.6ms)
  Rendered /Users/Jon/.rbenv/versions/2.0.0-rc2/lib/ruby/gems/2.0.0/gems/actionpack-4.0.0/lib/action_dispatch/middleware/templates/rescues/diagnostics.erb within rescues/layout (32.9ms)


Started GET "/microposts" for 127.0.0.1 at 2013-09-07 13:16:23 -0230
  [1m[36mActiveRecord::SchemaMigration Load (0.2ms)[0m  [1mSELECT "schema_migrations".* FROM "schema_migrations"[0m
Processing by MicropostsController#index as HTML
  [1m[35mMicropost Load (0.2ms)[0m  SELECT "microposts".* FROM "microposts"
  Rendered microposts/index.html.erb within layouts/application (24.9ms)
Completed 200 OK in 173ms (Views: 168.4ms | ActiveRecord: 0.6ms)


Started GET "/assets/scaffolds.css?body=1" for 127.0.0.1 at 2013-09-07 13:16:23 -0230


Started GET "/assets/application.css?body=1" for 127.0.0.1 at 2013-09-07 13:16:23 -0230


Started GET "/assets/jquery_ujs.js?body=1" for 127.0.0.1 at 2013-09-07 13:16:23 -0230


Started GET "/assets/users.css?body=1" for 127.0.0.1 at 2013-09-07 13:16:23 -0230


Started GET "/assets/microposts.css?body=1" for 127.0.0.1 at 2013-09-07 13:16:23 -0230


Started GET "/assets/application.js?body=1" for 127.0.0.1 at 2013-09-07 13:16:23 -0230


Started GET "/assets/jquery.js?body=1" for 127.0.0.1 at 2013-09-07 13:16:23 -0230


Started GET "/assets/microposts.js?body=1" for 127.0.0.1 at 2013-09-07 13:16:23 -0230


Started GET "/assets/users.js?body=1" for 127.0.0.1 at 2013-09-07 13:16:23 -0230


Started GET "/assets/turbolinks.js?body=1" for 127.0.0.1 at 2013-09-07 13:16:23 -0230


Started GET "/microposts/new" for 127.0.0.1 at 2013-09-07 13:16:26 -0230
Processing by MicropostsController#new as HTML
  Rendered microposts/_form.html.erb (18.5ms)
  Rendered microposts/new.html.erb within layouts/application (23.5ms)
Completed 200 OK in 32ms (Views: 31.0ms | ActiveRecord: 0.0ms)


Started POST "/microposts" for 127.0.0.1 at 2013-09-07 13:16:38 -0230
Processing by MicropostsController#create as HTML
  Parameters: {"utf8"=>"✓", "authenticity_token"=>"iIukD1ADwgr6p77GBO4A8mmsRV+eXXpJcfy+jdMSAIA=", "micropost"=>{"content"=>"sssaasassdd hsshasssaasassdd hsshasssaasassdd hsshasssaasassdd hsshasssaasassdd hsshasssaasassdd hsshasssaasassdd hsshasssaasassdd hssha", "user_id"=>"1"}, "commit"=>"Create Micropost"}
  [1m[36m (0.1ms)[0m  [1mbegin transaction[0m
  [1m[35mSQL (71.6ms)[0m  INSERT INTO "microposts" ("content", "created_at", "updated_at", "user_id") VALUES (?, ?, ?, ?)  [["content", "sssaasassdd hsshasssaasassdd hsshasssaasassdd hsshasssaasassdd hsshasssaasassdd hsshasssaasassdd hsshasssaasassdd hsshasssaasassdd hssha"], ["created_at", Sat, 07 Sep 2013 15:46:38 UTC +00:00], ["updated_at", Sat, 07 Sep 2013 15:46:38 UTC +00:00], ["user_id", 1]]
  [1m[36m (3.0ms)[0m  [1mcommit transaction[0m
Redirected to http://localhost:3000/microposts/4
Completed 302 Found in 82ms (ActiveRecord: 74.8ms)


Started GET "/microposts/4" for 127.0.0.1 at 2013-09-07 13:16:38 -0230
Processing by MicropostsController#show as HTML
  Parameters: {"id"=>"4"}
  [1m[35mMicropost Load (0.4ms)[0m  SELECT "microposts".* FROM "microposts" WHERE "microposts"."id" = ? LIMIT 1  [["id", "4"]]
  Rendered microposts/show.html.erb within layouts/application (5.2ms)
Completed 200 OK in 25ms (Views: 13.4ms | ActiveRecord: 0.4ms)


Started GET "/assets/scaffolds.css?body=1" for 127.0.0.1 at 2013-09-07 13:16:39 -0230


Started GET "/assets/jquery_ujs.js?body=1" for 127.0.0.1 at 2013-09-07 13:16:39 -0230


Started GET "/assets/application.css?body=1" for 127.0.0.1 at 2013-09-07 13:16:39 -0230


Started GET "/assets/turbolinks.js?body=1" for 127.0.0.1 at 2013-09-07 13:16:39 -0230


Started GET "/assets/microposts.js?body=1" for 127.0.0.1 at 2013-09-07 13:16:39 -0230


Started GET "/assets/jquery.js?body=1" for 127.0.0.1 at 2013-09-07 13:16:39 -0230


Started GET "/assets/users.css?body=1" for 127.0.0.1 at 2013-09-07 13:16:39 -0230


Started GET "/assets/application.js?body=1" for 127.0.0.1 at 2013-09-07 13:16:39 -0230


Started GET "/assets/users.js?body=1" for 127.0.0.1 at 2013-09-07 13:16:39 -0230


Started GET "/assets/microposts.css?body=1" for 127.0.0.1 at 2013-09-07 13:16:39 -0230


Started GET "/microposts" for 127.0.0.1 at 2013-09-07 13:16:42 -0230
Processing by MicropostsController#index as HTML
  [1m[36mMicropost Load (0.3ms)[0m  [1mSELECT "microposts".* FROM "microposts"[0m
  Rendered microposts/index.html.erb within layouts/application (15.1ms)
Completed 200 OK in 34ms (Views: 33.1ms | ActiveRecord: 0.3ms)


Started GET "/microposts/new" for 127.0.0.1 at 2013-09-07 13:16:44 -0230
Processing by MicropostsController#new as HTML
  Rendered microposts/_form.html.erb (14.2ms)
  Rendered microposts/new.html.erb within layouts/application (33.5ms)
Completed 200 OK in 84ms (Views: 83.5ms | ActiveRecord: 0.0ms)


Started POST "/microposts" for 127.0.0.1 at 2013-09-07 13:16:51 -0230
Processing by MicropostsController#create as HTML
  Parameters: {"utf8"=>"✓", "authenticity_token"=>"iIukD1ADwgr6p77GBO4A8mmsRV+eXXpJcfy+jdMSAIA=", "micropost"=>{"content"=>"sssaasassdd hsshasssaasassdd hsshasssaasassdd hsshasssaasassdd hsshasssaasassdd hsshasssaasassdd hsshasssaasassdd hsshasssaasassdd hsshasssaasassdd hsshasssaasassdd hsshasssaasassdd hsshasssaasassdd hsshasssaasassdd hsshasssaasassdd hsshasssaasassdd hsshasssaasassdd hsshasssaasassdd hsshasssaasassdd hsshasssaasassdd hsshasssaasassdd hsshasssaasassdd hsshasssaasassdd hsshasssaasassdd hsshasssaasassdd hsshasssaasassdd hssha", "user_id"=>"1"}, "commit"=>"Create Micropost"}
  [1m[35m (0.1ms)[0m  begin transaction
  [1m[36m (0.1ms)[0m  [1mrollback transaction[0m
  Rendered microposts/_form.html.erb (45.6ms)
  Rendered microposts/new.html.erb within layouts/application (51.6ms)
Completed 200 OK in 72ms (Views: 66.4ms | ActiveRecord: 0.2ms)


Started GET "/assets/scaffolds.css?body=1" for 127.0.0.1 at 2013-09-07 13:16:51 -0230


Started GET "/assets/users.css?body=1" for 127.0.0.1 at 2013-09-07 13:16:51 -0230


Started GET "/assets/microposts.js?body=1" for 127.0.0.1 at 2013-09-07 13:16:51 -0230


Started GET "/assets/users.js?body=1" for 127.0.0.1 at 2013-09-07 13:16:51 -0230


Started GET "/assets/jquery.js?body=1" for 127.0.0.1 at 2013-09-07 13:16:51 -0230


Started GET "/assets/turbolinks.js?body=1" for 127.0.0.1 at 2013-09-07 13:16:51 -0230


Started GET "/assets/microposts.css?body=1" for 127.0.0.1 at 2013-09-07 13:16:51 -0230


Started GET "/assets/jquery_ujs.js?body=1" for 127.0.0.1 at 2013-09-07 13:16:51 -0230


Started GET "/assets/application.css?body=1" for 127.0.0.1 at 2013-09-07 13:16:51 -0230


Started GET "/assets/application.js?body=1" for 127.0.0.1 at 2013-09-07 13:16:51 -0230


Started GET "/microposts" for 127.0.0.1 at 2013-09-07 13:16:55 -0230
Processing by MicropostsController#index as HTML
  [1m[35mMicropost Load (0.3ms)[0m  SELECT "microposts".* FROM "microposts"
  Rendered microposts/index.html.erb within layouts/application (37.0ms)
Completed 200 OK in 45ms (Views: 44.2ms | ActiveRecord: 0.3ms)


Started GET "/assets/users.css?body=1" for 127.0.0.1 at 2013-09-07 13:16:55 -0230


Started GET "/assets/turbolinks.js?body=1" for 127.0.0.1 at 2013-09-07 13:16:55 -0230


Started GET "/assets/scaffolds.css?body=1" for 127.0.0.1 at 2013-09-07 13:16:55 -0230


Started GET "/assets/microposts.js?body=1" for 127.0.0.1 at 2013-09-07 13:16:55 -0230


Started GET "/assets/application.css?body=1" for 127.0.0.1 at 2013-09-07 13:16:55 -0230


Started GET "/assets/jquery_ujs.js?body=1" for 127.0.0.1 at 2013-09-07 13:16:55 -0230


Started GET "/assets/jquery.js?body=1" for 127.0.0.1 at 2013-09-07 13:16:55 -0230


Started GET "/assets/users.js?body=1" for 127.0.0.1 at 2013-09-07 13:16:55 -0230


Started GET "/assets/microposts.css?body=1" for 127.0.0.1 at 2013-09-07 13:16:55 -0230


Started GET "/assets/application.js?body=1" for 127.0.0.1 at 2013-09-07 13:16:55 -0230
  [1m[36mUser Load (0.3ms)[0m  [1mSELECT "users".* FROM "users" ORDER BY "users"."id" ASC LIMIT 1[0m
  [1m[35mUser Load (0.3ms)[0m  SELECT "users".* FROM "users" ORDER BY "users"."id" ASC LIMIT 1
  [1m[36mMicropost Load (13.8ms)[0m  [1mSELECT "microposts".* FROM "microposts" WHERE "microposts"."user_id" = ?[0m  [["user_id", 1]]
